<?xml version="1.0" encoding="UTF-8"?>
<!-- Generated by org.testng.reporters.JUnitReportReporter -->
<testsuite hostname="DESKTOP-PUNUTSL" failures="0" tests="1" name="com.test.Test_001" time="7.630" errors="0" timestamp="2022-09-08T10:11:47 IST" skipped="0">
  <testcase classname="com.test.Test_001" name="Test_01" time="7.630"/>
  <system-out/>
</testsuite> <!-- com.test.Test_001 -->
