<?xml version="1.0" encoding="UTF-8"?>
<!-- Generated by org.testng.reporters.JUnitReportReporter -->
<testsuite hostname="DESKTOP-PUNUTSL" failures="0" tests="1" name="iframe1.iframe_1" time="14.564" errors="0" timestamp="2022-08-24T12:57:13 IST" skipped="0">
  <testcase classname="iframe1.iframe_1" name="tc_001" time="14.564"/>
  <system-out/>
</testsuite> <!-- iframe1.iframe_1 -->
